<?xml version="1.0" encoding="UTF-8"?>
<!-- Generated by org.testng.reporters.JUnitReportReporter -->
<testsuite hostname="Jays-MBP-2.attlocal.net" failures="0" tests="1" name="package_01.groups" time="0.003" errors="0" timestamp="2023-06-29T12:34:28 EDT" skipped="0">
  <testcase classname="package_01.groups" name="method1" time="0.003"/>
  <system-out/>
</testsuite> <!-- package_01.groups -->
