<?xml version="1.0" encoding="UTF-8"?>
<!-- Generated by org.testng.reporters.JUnitReportReporter -->
<testsuite hostname="Jays-MBP-2.attlocal.net" failures="0" tests="1" name="package_01.testng_01" time="0.000" errors="0" timestamp="2023-06-29T11:44:18 EDT" skipped="0">
  <testcase classname="package_01.testng_01" name="sayHello" time="0.000"/>
  <system-out/>
</testsuite> <!-- package_01.testng_01 -->
