<?xml version="1.0" encoding="UTF-8"?>
<!-- Generated by org.testng.reporters.JUnitReportReporter -->
<testsuite hostname="Jays-MBP-2.attlocal.net" failures="0" tests="2" name="package_01.testngXml2" time="0.000" errors="0" timestamp="2023-06-29T11:44:18 EDT" skipped="0">
  <testcase classname="package_01.testngXml2" name="method3" time="0.000"/>
  <system-out/>
  <testcase classname="package_01.testngXml2" name="method4" time="0.000"/>
  <system-out/>
</testsuite> <!-- package_01.testngXml2 -->
