<?xml version="1.0" encoding="UTF-8"?>
<!-- Generated by org.testng.reporters.JUnitReportReporter -->
<testsuite hostname="Jays-MBP-2.attlocal.net" failures="0" tests="1" name="package_01.annotations" time="2.528" errors="0" timestamp="2023-06-29T12:09:17 EDT" skipped="0">
  <testcase classname="package_01.annotations" name="test" time="2.528"/>
  <system-out/>
</testsuite> <!-- package_01.annotations -->
